[0.009s] Invoking command in '/home/rishavn/p_drive_testing/build/p_drive_testing': CMAKE_PREFIX_PATH=${CMAKE_PREFIX_PATH}:/opt/ros/humble /usr/bin/cmake --build /home/rishavn/p_drive_testing/build/p_drive_testing -- -j8 -l8
[0.058s] [35m[1mConsolidate compiler generated dependencies of target rover_control[0m
[0.081s] [ 33%] [32mBuilding CXX object CMakeFiles/rover_control.dir/src/RMD_Motor.cpp.o[0m
[0.084s] [ 66%] [32mBuilding CXX object CMakeFiles/rover_control.dir/src/RoverControl.cpp.o[0m
[0.100s] [01m[K/home/rishavn/p_drive_testing/src/src/RMD_Motor.cpp:1:10:[m[K [01;31m[Kfatal error: [m[KRMD_motor.h: No such file or directory
[0.100s]     1 | #include [01;31m[K"RMD_motor.h"[m[K
[0.101s]       |          [01;31m[K^~~~~~~~~~~~~[m[K
[0.101s] compilation terminated.
[0.102s] gmake[2]: *** [CMakeFiles/rover_control.dir/build.make:90: CMakeFiles/rover_control.dir/src/RMD_Motor.cpp.o] Error 1
[0.102s] gmake[2]: *** Waiting for unfinished jobs....
[0.331s] [01m[K/home/rishavn/p_drive_testing/src/src/RoverControl.cpp:4:10:[m[K [01;31m[Kfatal error: [m[KRMD_motor.h: No such file or directory
[0.331s]     4 | #include [01;31m[K"RMD_motor.h"[m[K
[0.331s]       |          [01;31m[K^~~~~~~~~~~~~[m[K
[0.331s] compilation terminated.
[0.336s] gmake[2]: *** [CMakeFiles/rover_control.dir/build.make:76: CMakeFiles/rover_control.dir/src/RoverControl.cpp.o] Error 1
[0.336s] gmake[1]: *** [CMakeFiles/Makefile2:137: CMakeFiles/rover_control.dir/all] Error 2
[0.337s] gmake: *** [Makefile:146: all] Error 2
[0.340s] Invoked command in '/home/rishavn/p_drive_testing/build/p_drive_testing' returned '2': CMAKE_PREFIX_PATH=${CMAKE_PREFIX_PATH}:/opt/ros/humble /usr/bin/cmake --build /home/rishavn/p_drive_testing/build/p_drive_testing -- -j8 -l8
