[01m[K/home/rishavn/p_drive_testing/src/src/RoverControl.cpp:3:10:[m[K [01;31m[Kfatal error: [m[KRMD_motor.h: No such file or directory
    3 | #include [01;31m[K"RMD_motor.h"[m[K
      |          [01;31m[K^~~~~~~~~~~~~[m[K
compilation terminated.
gmake[2]: *** [CMakeFiles/rover_control.dir/build.make:76: CMakeFiles/rover_control.dir/src/RoverControl.cpp.o] Error 1
gmake[1]: *** [CMakeFiles/Makefile2:137: CMakeFiles/rover_control.dir/all] Error 2
gmake: *** [Makefile:146: all] Error 2
