[0.112s] Invoking command in '/home/rishavn/p_drive_testing/build/p_drive_testing': CMAKE_PREFIX_PATH=${CMAKE_PREFIX_PATH}:/opt/ros/humble /usr/bin/cmake --build /home/rishavn/p_drive_testing/build/p_drive_testing -- -j8 -l8
[0.768s] [ 66%] [32mBuilding CXX object CMakeFiles/rover_control.dir/src/RMD_Motor.cpp.o[0m
[0.770s] [ 66%] [32mBuilding CXX object CMakeFiles/rover_control.dir/src/RoverControl.cpp.o[0m
[2.606s] [01m[K/home/rishavn/p_drive_testing/src/src/RoverControl.cpp:4:10:[m[K [01;31m[Kfatal error: [m[KRMD_motor.h: No such file or directory
[2.608s]     4 | #include [01;31m[K"RMD_motor.h"[m[K
[2.608s]       |          [01;31m[K^~~~~~~~~~~~~[m[K
[2.609s] compilation terminated.
[2.690s] gmake[2]: *** [CMakeFiles/rover_control.dir/build.make:76: CMakeFiles/rover_control.dir/src/RoverControl.cpp.o] Error 1
[2.701s] gmake[2]: *** Waiting for unfinished jobs....
[3.156s] [01m[K/home/rishavn/p_drive_testing/src/src/RMD_Motor.cpp:13:7:[m[K [01;31m[Kerror: [m[Kredefinition of â€˜[01m[Kclass Motor[m[Kâ€™
[3.160s]    13 | class [01;31m[KMotor[m[K {
[3.160s]       |       [01;31m[K^~~~~[m[K
[3.160s] In file included from [01m[K/home/rishavn/p_drive_testing/src/src/RMD_Motor.cpp:1[m[K:
[3.160s] [01m[K/home/rishavn/p_drive_testing/src/include/RMD_Motor.h:14:7:[m[K [01;36m[Knote: [m[Kprevious definition of â€˜[01m[Kclass Motor[m[Kâ€™
[3.160s]    14 | class [01;36m[KMotor[m[K {
[3.160s]       |       [01;36m[K^~~~~[m[K
[3.161s] [01m[K/home/rishavn/p_drive_testing/src/src/RMD_Motor.cpp:104:7:[m[K [01;31m[Kerror: [m[Kredefinition of â€˜[01m[Kclass MotorGroup[m[Kâ€™
[3.161s]   104 | class [01;31m[KMotorGroup[m[K {
[3.162s]       |       [01;31m[K^~~~~~~~~~[m[K
[3.162s] In file included from [01m[K/home/rishavn/p_drive_testing/src/src/RMD_Motor.cpp:1[m[K:
[3.162s] [01m[K/home/rishavn/p_drive_testing/src/include/RMD_Motor.h:36:7:[m[K [01;36m[Knote: [m[Kprevious definition of â€˜[01m[Kclass MotorGroup[m[Kâ€™
[3.162s]    36 | class [01;36m[KMotorGroup[m[K {
[3.162s]       |       [01;36m[K^~~~~~~~~~[m[K
[3.163s] [01m[K/home/rishavn/p_drive_testing/src/src/RMD_Motor.cpp:150:7:[m[K [01;31m[Kerror: [m[Kredefinition of â€˜[01m[Kclass RoverMotors[m[Kâ€™
[3.163s]   150 | class [01;31m[KRoverMotors[m[K {
[3.163s]       |       [01;31m[K^~~~~~~~~~~[m[K
[3.163s] In file included from [01m[K/home/rishavn/p_drive_testing/src/src/RMD_Motor.cpp:1[m[K:
[3.164s] [01m[K/home/rishavn/p_drive_testing/src/include/RMD_Motor.h:51:7:[m[K [01;36m[Knote: [m[Kprevious definition of â€˜[01m[Kclass RoverMotors[m[Kâ€™
[3.164s]    51 | class [01;36m[KRoverMotors[m[K {
[3.164s]       |       [01;36m[K^~~~~~~~~~~[m[K
[3.325s] gmake[2]: *** [CMakeFiles/rover_control.dir/build.make:90: CMakeFiles/rover_control.dir/src/RMD_Motor.cpp.o] Error 1
[3.327s] gmake[1]: *** [CMakeFiles/Makefile2:137: CMakeFiles/rover_control.dir/all] Error 2
[3.328s] gmake: *** [Makefile:146: all] Error 2
[3.353s] Invoked command in '/home/rishavn/p_drive_testing/build/p_drive_testing' returned '2': CMAKE_PREFIX_PATH=${CMAKE_PREFIX_PATH}:/opt/ros/humble /usr/bin/cmake --build /home/rishavn/p_drive_testing/build/p_drive_testing -- -j8 -l8
