[0.008s] Invoking command in '/home/rishavn/p_drive_testing/build/p_drive_testing': CMAKE_PREFIX_PATH=${CMAKE_PREFIX_PATH}:/opt/ros/humble /usr/bin/cmake --build /home/rishavn/p_drive_testing/build/p_drive_testing -- -j8 -l8
[0.056s] [35m[1mConsolidate compiler generated dependencies of target rover_control[0m
[0.072s] [ 50%] [32mBuilding CXX object CMakeFiles/rover_control.dir/src/RoverControl.cpp.o[0m
[1.753s] [100%] [32m[1mLinking CXX executable rover_control[0m
[1.842s] /usr/bin/ld: CMakeFiles/rover_control.dir/src/RoverControl.cpp.o: in function `RoverControl::RoverControl()':
[1.842s] RoverControl.cpp:(.text._ZN12RoverControlC2Ev[_ZN12RoverControlC5Ev]+0x3c4): undefined reference to `RoverMotors::brakes_off()'
[1.842s] /usr/bin/ld: CMakeFiles/rover_control.dir/src/RoverControl.cpp.o: in function `RoverControl::moveStraight()':
[1.842s] RoverControl.cpp:(.text._ZN12RoverControl12moveStraightEv[_ZN12RoverControl12moveStraightEv]+0x40): undefined reference to `RoverMotors::set_speed(float)'
[1.843s] /usr/bin/ld: CMakeFiles/rover_control.dir/src/RoverControl.cpp.o: in function `void __gnu_cxx::new_allocator<Motor>::construct<Motor, int>(Motor*, int&&)':
[1.843s] RoverControl.cpp:(.text._ZN9__gnu_cxx13new_allocatorI5MotorE9constructIS1_JiEEEvPT_DpOT0_[_ZN9__gnu_cxx13new_allocatorI5MotorE9constructIS1_JiEEEvPT_DpOT0_]+0x48): undefined reference to `Motor::Motor(int, bool)'
[1.843s] /usr/bin/ld: CMakeFiles/rover_control.dir/src/RoverControl.cpp.o: in function `void __gnu_cxx::new_allocator<MotorGroup>::construct<MotorGroup, std::vector<Motor*, std::allocator<Motor*> > >(MotorGroup*, std::vector<Motor*, std::allocator<Motor*> >&&)':
[1.843s] RoverControl.cpp:(.text._ZN9__gnu_cxx13new_allocatorI10MotorGroupE9constructIS1_JSt6vectorIP5MotorSaIS6_EEEEEvPT_DpOT0_[_ZN9__gnu_cxx13new_allocatorI10MotorGroupE9constructIS1_JSt6vectorIP5MotorSaIS6_EEEEEvPT_DpOT0_]+0x68): undefined reference to `MotorGroup::MotorGroup(std::vector<Motor*, std::allocator<Motor*> >, bool)'
[1.843s] /usr/bin/ld: CMakeFiles/rover_control.dir/src/RoverControl.cpp.o: in function `void __gnu_cxx::new_allocator<RoverMotors>::construct<RoverMotors, MotorGroup*, MotorGroup*, double>(RoverMotors*, MotorGroup*&&, MotorGroup*&&, double&&)':
[1.843s] RoverControl.cpp:(.text._ZN9__gnu_cxx13new_allocatorI11RoverMotorsE9constructIS1_JP10MotorGroupS5_dEEEvPT_DpOT0_[_ZN9__gnu_cxx13new_allocatorI11RoverMotorsE9constructIS1_JP10MotorGroupS5_dEEEvPT_DpOT0_]+0x78): undefined reference to `RoverMotors::RoverMotors(MotorGroup*, MotorGroup*, float, bool)'
[1.844s] /usr/bin/ld: CMakeFiles/rover_control.dir/src/RoverControl.cpp.o: in function `void __gnu_cxx::new_allocator<Motor>::destroy<Motor>(Motor*)':
[1.844s] RoverControl.cpp:(.text._ZN9__gnu_cxx13new_allocatorI5MotorE7destroyIS1_EEvPT_[_ZN9__gnu_cxx13new_allocatorI5MotorE7destroyIS1_EEvPT_]+0x14): undefined reference to `Motor::~Motor()'
[1.847s] collect2: error: ld returned 1 exit status
[1.848s] gmake[2]: *** [CMakeFiles/rover_control.dir/build.make:167: rover_control] Error 1
[1.848s] gmake[1]: *** [CMakeFiles/Makefile2:137: CMakeFiles/rover_control.dir/all] Error 2
[1.848s] gmake: *** [Makefile:146: all] Error 2
[1.851s] Invoked command in '/home/rishavn/p_drive_testing/build/p_drive_testing' returned '2': CMAKE_PREFIX_PATH=${CMAKE_PREFIX_PATH}:/opt/ros/humble /usr/bin/cmake --build /home/rishavn/p_drive_testing/build/p_drive_testing -- -j8 -l8
