[0.000000] (-) TimerEvent: {}
[0.000233] (p_drive_testing) JobQueued: {'identifier': 'p_drive_testing', 'dependencies': OrderedDict()}
[0.000271] (p_drive_testing) JobStarted: {'identifier': 'p_drive_testing'}
[0.004433] (p_drive_testing) JobProgress: {'identifier': 'p_drive_testing', 'progress': 'cmake'}
[0.005291] (p_drive_testing) JobProgress: {'identifier': 'p_drive_testing', 'progress': 'build'}
[0.005362] (p_drive_testing) Command: {'cmd': ['/usr/bin/cmake', '--build', '/home/rishavn/p_drive_testing/build/p_drive_testing', '--', '-j8', '-l8'], 'cwd': '/home/rishavn/p_drive_testing/build/p_drive_testing', 'env': OrderedDict([('LESSOPEN', '| /usr/bin/lesspipe %s'), ('USER', 'rishavn'), ('XDG_SESSION_TYPE', 'wayland'), ('SHLVL', '1'), ('LD_LIBRARY_PATH', '/opt/ros/humble/opt/rviz_ogre_vendor/lib:/opt/ros/humble/lib/aarch64-linux-gnu:/opt/ros/humble/lib'), ('HOME', '/home/rishavn'), ('OLDPWD', '/home/rishavn'), ('DESKTOP_SESSION', 'ubuntu'), ('ROS_PYTHON_VERSION', '3'), ('GNOME_SHELL_SESSION_MODE', 'ubuntu'), ('GTK_MODULES', 'gail:atk-bridge'), ('SYSTEMD_EXEC_PID', '1823'), ('DBUS_SESSION_BUS_ADDRESS', 'unix:path=/run/user/1000/bus'), ('COLORTERM', 'truecolor'), ('IM_CONFIG_PHASE', '1'), ('WAYLAND_DISPLAY', 'wayland-0'), ('COLCON_PREFIX_PATH', '/home/rishavn/LoopAvionicsTeam3/hardware_interface_ws/install:/home/rishavn/ros2_ws/install'), ('ROS_DISTRO', 'humble'), ('LOGNAME', 'rishavn'), ('_', '/usr/bin/colcon'), ('ROS_VERSION', '2'), ('XDG_SESSION_CLASS', 'user'), ('USERNAME', 'rishavn'), ('TERM', 'xterm-256color'), ('GNOME_DESKTOP_SESSION_ID', 'this-is-deprecated'), ('ROS_LOCALHOST_ONLY', '0'), ('PATH', '/opt/ros/humble/bin:/home/rishavn/.local/bin:/usr/local/sbin:/usr/local/bin:/usr/sbin:/usr/bin:/sbin:/bin:/usr/games:/usr/local/games:/snap/bin:/snap/bin'), ('SESSION_MANAGER', 'local/rishavnair:@/tmp/.ICE-unix/1796,unix/rishavnair:/tmp/.ICE-unix/1796'), ('XDG_MENU_PREFIX', 'gnome-'), ('GNOME_TERMINAL_SCREEN', '/org/gnome/Terminal/screen/163f6c8e_5e5c_43e1_af7b_751fc4894dbb'), ('GNOME_SETUP_DISPLAY', ':1'), ('XDG_RUNTIME_DIR', '/run/user/1000'), ('DISPLAY', ':0'), ('LANG', 'en_US.UTF-8'), ('XDG_CURRENT_DESKTOP', 'ubuntu:GNOME'), ('XMODIFIERS', '@im=ibus'), ('XDG_SESSION_DESKTOP', 'ubuntu'), ('XAUTHORITY', '/run/user/1000/.mutter-Xwaylandauth.1I96U2'), ('LS_COLORS', 'rs=0:di=01;34:ln=01;36:mh=00:pi=40;33:so=01;35:do=01;35:bd=40;33;01:cd=40;33;01:or=40;31;01:mi=00:su=37;41:sg=30;43:ca=30;41:tw=30;42:ow=34;42:st=37;44:ex=01;32:*.tar=01;31:*.tgz=01;31:*.arc=01;31:*.arj=01;31:*.taz=01;31:*.lha=01;31:*.lz4=01;31:*.lzh=01;31:*.lzma=01;31:*.tlz=01;31:*.txz=01;31:*.tzo=01;31:*.t7z=01;31:*.zip=01;31:*.z=01;31:*.dz=01;31:*.gz=01;31:*.lrz=01;31:*.lz=01;31:*.lzo=01;31:*.xz=01;31:*.zst=01;31:*.tzst=01;31:*.bz2=01;31:*.bz=01;31:*.tbz=01;31:*.tbz2=01;31:*.tz=01;31:*.deb=01;31:*.rpm=01;31:*.jar=01;31:*.war=01;31:*.ear=01;31:*.sar=01;31:*.rar=01;31:*.alz=01;31:*.ace=01;31:*.zoo=01;31:*.cpio=01;31:*.7z=01;31:*.rz=01;31:*.cab=01;31:*.wim=01;31:*.swm=01;31:*.dwm=01;31:*.esd=01;31:*.jpg=01;35:*.jpeg=01;35:*.mjpg=01;35:*.mjpeg=01;35:*.gif=01;35:*.bmp=01;35:*.pbm=01;35:*.pgm=01;35:*.ppm=01;35:*.tga=01;35:*.xbm=01;35:*.xpm=01;35:*.tif=01;35:*.tiff=01;35:*.png=01;35:*.svg=01;35:*.svgz=01;35:*.mng=01;35:*.pcx=01;35:*.mov=01;35:*.mpg=01;35:*.mpeg=01;35:*.m2v=01;35:*.mkv=01;35:*.webm=01;35:*.webp=01;35:*.ogm=01;35:*.mp4=01;35:*.m4v=01;35:*.mp4v=01;35:*.vob=01;35:*.qt=01;35:*.nuv=01;35:*.wmv=01;35:*.asf=01;35:*.rm=01;35:*.rmvb=01;35:*.flc=01;35:*.avi=01;35:*.fli=01;35:*.flv=01;35:*.gl=01;35:*.dl=01;35:*.xcf=01;35:*.xwd=01;35:*.yuv=01;35:*.cgm=01;35:*.emf=01;35:*.ogv=01;35:*.ogx=01;35:*.aac=00;36:*.au=00;36:*.flac=00;36:*.m4a=00;36:*.mid=00;36:*.midi=00;36:*.mka=00;36:*.mp3=00;36:*.mpc=00;36:*.ogg=00;36:*.ra=00;36:*.wav=00;36:*.oga=00;36:*.opus=00;36:*.spx=00;36:*.xspf=00;36:'), ('GNOME_TERMINAL_SERVICE', ':1.103'), ('SSH_AGENT_LAUNCHER', 'gnome-keyring'), ('SSH_AUTH_SOCK', '/run/user/1000/keyring/ssh'), ('AMENT_PREFIX_PATH', '/home/rishavn/LoopAvionicsTeam3/hardware_interface_ws/install/test_package:/opt/ros/humble'), ('SHELL', '/bin/bash'), ('QT_ACCESSIBILITY', '1'), ('GDMSESSION', 'ubuntu'), ('LESSCLOSE', '/usr/bin/lesspipe %s %s'), ('QT_IM_MODULE', 'ibus'), ('PWD', '/home/rishavn/p_drive_testing/build/p_drive_testing'), ('XDG_CONFIG_DIRS', '/etc/xdg/xdg-ubuntu:/etc/xdg'), ('XDG_DATA_DIRS', '/usr/share/ubuntu:/usr/local/share/:/usr/share/:/var/lib/snapd/desktop'), ('PYTHONPATH', '/opt/ros/humble/lib/python3.10/site-packages:/opt/ros/humble/local/lib/python3.10/dist-packages'), ('COLCON', '1'), ('VTE_VERSION', '6800'), ('CMAKE_PREFIX_PATH', '/home/rishavn/LoopAvionicsTeam3/hardware_interface_ws/install/test_package:/opt/ros/humble')]), 'shell': False}
[0.029047] (p_drive_testing) StdoutLine: {'line': b'-- Found ament_cmake: 1.3.10 (/opt/ros/humble/share/ament_cmake/cmake)\n'}
[0.099211] (-) TimerEvent: {}
[0.124036] (p_drive_testing) StdoutLine: {'line': b'-- Found rclcpp: 16.0.10 (/opt/ros/humble/share/rclcpp/cmake)\n'}
[0.145137] (p_drive_testing) StdoutLine: {'line': b'-- Found rosidl_generator_c: 3.1.5 (/opt/ros/humble/share/rosidl_generator_c/cmake)\n'}
[0.146615] (p_drive_testing) StdoutLine: {'line': b'-- Found rosidl_adapter: 3.1.5 (/opt/ros/humble/share/rosidl_adapter/cmake)\n'}
[0.149627] (p_drive_testing) StdoutLine: {'line': b'-- Found rosidl_generator_cpp: 3.1.5 (/opt/ros/humble/share/rosidl_generator_cpp/cmake)\n'}
[0.154056] (p_drive_testing) StdoutLine: {'line': b'-- Using all available rosidl_typesupport_c: rosidl_typesupport_fastrtps_c;rosidl_typesupport_introspection_c\n'}
[0.159863] (p_drive_testing) StdoutLine: {'line': b'-- Using all available rosidl_typesupport_cpp: rosidl_typesupport_fastrtps_cpp;rosidl_typesupport_introspection_cpp\n'}
[0.177710] (p_drive_testing) StdoutLine: {'line': b'-- Found rmw_implementation_cmake: 6.1.2 (/opt/ros/humble/share/rmw_implementation_cmake/cmake)\n'}
[0.178698] (p_drive_testing) StdoutLine: {'line': b'-- Found rmw_fastrtps_cpp: 6.2.7 (/opt/ros/humble/share/rmw_fastrtps_cpp/cmake)\n'}
[0.199285] (-) TimerEvent: {}
[0.228760] (p_drive_testing) StdoutLine: {'line': b"-- Using RMW implementation 'rmw_fastrtps_cpp' as default\n"}
[0.255636] (p_drive_testing) StdoutLine: {'line': b'-- Found can_msgs: 2.0.0 (/opt/ros/humble/share/can_msgs/cmake)\n'}
[0.262371] (p_drive_testing) StdoutLine: {'line': b'-- Found ament_lint_auto: 0.12.11 (/opt/ros/humble/share/ament_lint_auto/cmake)\n'}
[0.299248] (p_drive_testing) StdoutLine: {'line': b"-- Added test 'cppcheck' to perform static code analysis on C / C++ code\n"}
[0.299373] (-) TimerEvent: {}
[0.299554] (p_drive_testing) StdoutLine: {'line': b'-- Configured cppcheck include dirs: /home/rishavn/p_drive_testing/src/include\n'}
[0.299635] (p_drive_testing) StdoutLine: {'line': b'-- Configured cppcheck exclude dirs and/or files: \n'}
[0.299759] (p_drive_testing) StdoutLine: {'line': b"-- Added test 'lint_cmake' to check CMake code style\n"}
[0.299977] (p_drive_testing) StdoutLine: {'line': b"-- Added test 'uncrustify' to check C / C++ code style\n"}
[0.300047] (p_drive_testing) StdoutLine: {'line': b'-- Configured uncrustify additional arguments: \n'}
[0.300142] (p_drive_testing) StdoutLine: {'line': b"-- Added test 'xmllint' to check XML markup files\n"}
[0.300782] (p_drive_testing) StdoutLine: {'line': b'-- Configuring done\n'}
[0.311006] (p_drive_testing) StdoutLine: {'line': b'-- Generating done\n'}
[0.312363] (p_drive_testing) StdoutLine: {'line': b'-- Build files have been written to: /home/rishavn/p_drive_testing/build/p_drive_testing\n'}
[0.323298] (p_drive_testing) StdoutLine: {'line': b'\x1b[35m\x1b[1mConsolidate compiler generated dependencies of target rover_control\x1b[0m\n'}
[0.339331] (p_drive_testing) StdoutLine: {'line': b'[ 33%] \x1b[32mBuilding CXX object CMakeFiles/rover_control.dir/src/RMD_Motor.cpp.o\x1b[0m\n'}
[0.399482] (-) TimerEvent: {}
[0.477396] (p_drive_testing) StderrLine: {'line': b'\x1b[01m\x1b[K/home/rishavn/p_drive_testing/src/src/RMD_Motor.cpp:\x1b[m\x1b[K In constructor \xe2\x80\x98\x1b[01m\x1b[KMotorGroup::MotorGroup(std::vector<Motor*>, bool)\x1b[m\x1b[K\xe2\x80\x99:\n'}
[0.477542] (p_drive_testing) StderrLine: {'line': b'\x1b[01m\x1b[K/home/rishavn/p_drive_testing/src/src/RMD_Motor.cpp:147:10:\x1b[m\x1b[K \x1b[01;35m\x1b[Kwarning: \x1b[m\x1b[K\xe2\x80\x98\x1b[01m\x1b[KMotorGroup::debug_\x1b[m\x1b[K\xe2\x80\x99 will be initialized after [\x1b[01;35m\x1b[K\x1b]8;;https://gcc.gnu.org/onlinedocs/gcc/Warning-Options.html#index-Wreorder\x07-Wreorder\x1b]8;;\x07\x1b[m\x1b[K]\n'}
[0.477581] (p_drive_testing) StderrLine: {'line': b'  147 |     bool \x1b[01;35m\x1b[Kdebug_\x1b[m\x1b[K;\n'}
[0.477606] (p_drive_testing) StderrLine: {'line': b'      |          \x1b[01;35m\x1b[K^~~~~~\x1b[m\x1b[K\n'}
[0.477629] (p_drive_testing) StderrLine: {'line': b'\x1b[01m\x1b[K/home/rishavn/p_drive_testing/src/src/RMD_Motor.cpp:146:10:\x1b[m\x1b[K \x1b[01;35m\x1b[Kwarning: \x1b[m\x1b[K  \xe2\x80\x98\x1b[01m\x1b[Kbool MotorGroup::brakes_engaged_\x1b[m\x1b[K\xe2\x80\x99 [\x1b[01;35m\x1b[K\x1b]8;;https://gcc.gnu.org/onlinedocs/gcc/Warning-Options.html#index-Wreorder\x07-Wreorder\x1b]8;;\x07\x1b[m\x1b[K]\n'}
[0.477652] (p_drive_testing) StderrLine: {'line': b'  146 |     bool \x1b[01;35m\x1b[Kbrakes_engaged_\x1b[m\x1b[K;\n'}
[0.477675] (p_drive_testing) StderrLine: {'line': b'      |          \x1b[01;35m\x1b[K^~~~~~~~~~~~~~~\x1b[m\x1b[K\n'}
[0.477696] (p_drive_testing) StderrLine: {'line': b'\x1b[01m\x1b[K/home/rishavn/p_drive_testing/src/src/RMD_Motor.cpp:106:5:\x1b[m\x1b[K \x1b[01;35m\x1b[Kwarning: \x1b[m\x1b[K  when initialized here [\x1b[01;35m\x1b[K\x1b]8;;https://gcc.gnu.org/onlinedocs/gcc/Warning-Options.html#index-Wreorder\x07-Wreorder\x1b]8;;\x07\x1b[m\x1b[K]\n'}
[0.477718] (p_drive_testing) StderrLine: {'line': b'  106 |     \x1b[01;35m\x1b[KMotorGroup\x1b[m\x1b[K(std::vector<Motor*> motors, bool debug = false) : motors_(motors), debug_(debug), brakes_engaged_(true) {}\n'}
[0.477741] (p_drive_testing) StderrLine: {'line': b'      |     \x1b[01;35m\x1b[K^~~~~~~~~~\x1b[m\x1b[K\n'}
[0.499594] (-) TimerEvent: {}
[0.518350] (p_drive_testing) StdoutLine: {'line': b'[ 66%] \x1b[32m\x1b[1mLinking CXX executable rover_control\x1b[0m\n'}
[0.581289] (p_drive_testing) StderrLine: {'line': b"/usr/bin/ld: CMakeFiles/rover_control.dir/src/RoverControl.cpp.o: in function `RoverControl::RoverControl()':\n"}
[0.581862] (p_drive_testing) StderrLine: {'line': b"RoverControl.cpp:(.text._ZN12RoverControlC2Ev[_ZN12RoverControlC5Ev]+0x3c4): undefined reference to `RoverMotors::brakes_off()'\n"}
[0.581999] (p_drive_testing) StderrLine: {'line': b"/usr/bin/ld: CMakeFiles/rover_control.dir/src/RoverControl.cpp.o: in function `RoverControl::moveStraight()':\n"}
[0.582227] (p_drive_testing) StderrLine: {'line': b"RoverControl.cpp:(.text._ZN12RoverControl12moveStraightEv[_ZN12RoverControl12moveStraightEv]+0x40): undefined reference to `RoverMotors::set_speed(float)'\n"}
[0.583257] (p_drive_testing) StderrLine: {'line': b"/usr/bin/ld: CMakeFiles/rover_control.dir/src/RoverControl.cpp.o: in function `void __gnu_cxx::new_allocator<Motor>::construct<Motor, int>(Motor*, int&&)':\n"}
[0.583546] (p_drive_testing) StderrLine: {'line': b"RoverControl.cpp:(.text._ZN9__gnu_cxx13new_allocatorI5MotorE9constructIS1_JiEEEvPT_DpOT0_[_ZN9__gnu_cxx13new_allocatorI5MotorE9constructIS1_JiEEEvPT_DpOT0_]+0x48): undefined reference to `Motor::Motor(int, bool)'\n"}
[0.583844] (p_drive_testing) StderrLine: {'line': b"/usr/bin/ld: CMakeFiles/rover_control.dir/src/RoverControl.cpp.o: in function `void __gnu_cxx::new_allocator<MotorGroup>::construct<MotorGroup, std::vector<Motor*, std::allocator<Motor*> > >(MotorGroup*, std::vector<Motor*, std::allocator<Motor*> >&&)':\n"}
[0.584054] (p_drive_testing) StderrLine: {'line': b"RoverControl.cpp:(.text._ZN9__gnu_cxx13new_allocatorI10MotorGroupE9constructIS1_JSt6vectorIP5MotorSaIS6_EEEEEvPT_DpOT0_[_ZN9__gnu_cxx13new_allocatorI10MotorGroupE9constructIS1_JSt6vectorIP5MotorSaIS6_EEEEEvPT_DpOT0_]+0x68): undefined reference to `MotorGroup::MotorGroup(std::vector<Motor*, std::allocator<Motor*> >, bool)'\n"}
[0.584090] (p_drive_testing) StderrLine: {'line': b"/usr/bin/ld: CMakeFiles/rover_control.dir/src/RoverControl.cpp.o: in function `void __gnu_cxx::new_allocator<RoverMotors>::construct<RoverMotors, MotorGroup*, MotorGroup*, double>(RoverMotors*, MotorGroup*&&, MotorGroup*&&, double&&)':\n"}
[0.584494] (p_drive_testing) StderrLine: {'line': b"RoverControl.cpp:(.text._ZN9__gnu_cxx13new_allocatorI11RoverMotorsE9constructIS1_JP10MotorGroupS5_dEEEvPT_DpOT0_[_ZN9__gnu_cxx13new_allocatorI11RoverMotorsE9constructIS1_JP10MotorGroupS5_dEEEvPT_DpOT0_]+0x78): undefined reference to `RoverMotors::RoverMotors(MotorGroup*, MotorGroup*, float, bool)'\n"}
[0.584645] (p_drive_testing) StderrLine: {'line': b"/usr/bin/ld: CMakeFiles/rover_control.dir/src/RoverControl.cpp.o: in function `void __gnu_cxx::new_allocator<Motor>::destroy<Motor>(Motor*)':\n"}
[0.584698] (p_drive_testing) StderrLine: {'line': b"RoverControl.cpp:(.text._ZN9__gnu_cxx13new_allocatorI5MotorE7destroyIS1_EEvPT_[_ZN9__gnu_cxx13new_allocatorI5MotorE7destroyIS1_EEvPT_]+0x14): undefined reference to `Motor::~Motor()'\n"}
[0.590946] (p_drive_testing) StderrLine: {'line': b'collect2: error: ld returned 1 exit status\n'}
[0.591922] (p_drive_testing) StderrLine: {'line': b'gmake[2]: *** [CMakeFiles/rover_control.dir/build.make:183: rover_control] Error 1\n'}
[0.592271] (p_drive_testing) StderrLine: {'line': b'gmake[1]: *** [CMakeFiles/Makefile2:137: CMakeFiles/rover_control.dir/all] Error 2\n'}
[0.592602] (p_drive_testing) StderrLine: {'line': b'gmake: *** [Makefile:146: all] Error 2\n'}
[0.593816] (p_drive_testing) CommandEnded: {'returncode': 2}
[0.599689] (-) TimerEvent: {}
[0.612488] (p_drive_testing) JobEnded: {'identifier': 'p_drive_testing', 'rc': 2}
[0.622862] (-) EventReactorShutdown: {}
