[0.008s] Invoking command in '/home/rishavn/p_drive_testing/build/p_drive_testing': CMAKE_PREFIX_PATH=${CMAKE_PREFIX_PATH}:/opt/ros/humble /usr/bin/cmake /home/rishavn/p_drive_testing/src -DAMENT_CMAKE_SYMLINK_INSTALL=1 -DCMAKE_INSTALL_PREFIX=/home/rishavn/p_drive_testing/install/p_drive_testing
[0.022s] -- Found ament_cmake: 1.3.10 (/opt/ros/humble/share/ament_cmake/cmake)
[0.105s] -- Override CMake install command with custom implementation using symlinks instead of copying resources
[0.111s] -- Found rclcpp: 16.0.10 (/opt/ros/humble/share/rclcpp/cmake)
[0.130s] -- Found rosidl_generator_c: 3.1.5 (/opt/ros/humble/share/rosidl_generator_c/cmake)
[0.137s] -- Found rosidl_adapter: 3.1.5 (/opt/ros/humble/share/rosidl_adapter/cmake)
[0.138s] -- Found rosidl_generator_cpp: 3.1.5 (/opt/ros/humble/share/rosidl_generator_cpp/cmake)
[0.141s] -- Using all available rosidl_typesupport_c: rosidl_typesupport_fastrtps_c;rosidl_typesupport_introspection_c
[0.146s] -- Using all available rosidl_typesupport_cpp: rosidl_typesupport_fastrtps_cpp;rosidl_typesupport_introspection_cpp
[0.161s] -- Found rmw_implementation_cmake: 6.1.2 (/opt/ros/humble/share/rmw_implementation_cmake/cmake)
[0.161s] -- Found rmw_fastrtps_cpp: 6.2.7 (/opt/ros/humble/share/rmw_fastrtps_cpp/cmake)
[0.206s] -- Using RMW implementation 'rmw_fastrtps_cpp' as default
[0.228s] -- Found can_msgs: 2.0.0 (/opt/ros/humble/share/can_msgs/cmake)
[0.236s] -- Found ament_lint_auto: 0.12.11 (/opt/ros/humble/share/ament_lint_auto/cmake)
[0.292s] -- Added test 'cppcheck' to perform static code analysis on C / C++ code
[0.292s] -- Configured cppcheck include dirs: /home/rishavn/p_drive_testing/src/include
[0.292s] -- Configured cppcheck exclude dirs and/or files: 
[0.292s] -- Added test 'lint_cmake' to check CMake code style
[0.292s] -- Added test 'uncrustify' to check C / C++ code style
[0.292s] -- Configured uncrustify additional arguments: 
[0.292s] -- Added test 'xmllint' to check XML markup files
[0.293s] -- Configuring done
[0.299s] -- Generating done
[0.300s] -- Build files have been written to: /home/rishavn/p_drive_testing/build/p_drive_testing
[0.304s] Invoked command in '/home/rishavn/p_drive_testing/build/p_drive_testing' returned '0': CMAKE_PREFIX_PATH=${CMAKE_PREFIX_PATH}:/opt/ros/humble /usr/bin/cmake /home/rishavn/p_drive_testing/src -DAMENT_CMAKE_SYMLINK_INSTALL=1 -DCMAKE_INSTALL_PREFIX=/home/rishavn/p_drive_testing/install/p_drive_testing
[0.305s] Invoking command in '/home/rishavn/p_drive_testing/build/p_drive_testing': CMAKE_PREFIX_PATH=${CMAKE_PREFIX_PATH}:/opt/ros/humble /usr/bin/cmake --build /home/rishavn/p_drive_testing/build/p_drive_testing -- -j8 -l8
[0.321s] [35m[1mConsolidate compiler generated dependencies of target rover_control[0m
[0.329s] [ 33%] [32m[1mLinking CXX executable rover_control[0m
[0.383s] /usr/bin/ld: CMakeFiles/rover_control.dir/src/RoverControl.cpp.o: in function `RoverControl::RoverControl()':
[0.383s] RoverControl.cpp:(.text._ZN12RoverControlC2Ev[_ZN12RoverControlC5Ev]+0x3c4): undefined reference to `RoverMotors::brakes_off()'
[0.383s] /usr/bin/ld: CMakeFiles/rover_control.dir/src/RoverControl.cpp.o: in function `RoverControl::moveStraight()':
[0.383s] RoverControl.cpp:(.text._ZN12RoverControl12moveStraightEv[_ZN12RoverControl12moveStraightEv]+0x40): undefined reference to `RoverMotors::set_speed(float)'
[0.384s] /usr/bin/ld: CMakeFiles/rover_control.dir/src/RoverControl.cpp.o: in function `void __gnu_cxx::new_allocator<Motor>::construct<Motor, int>(Motor*, int&&)':
[0.384s] RoverControl.cpp:(.text._ZN9__gnu_cxx13new_allocatorI5MotorE9constructIS1_JiEEEvPT_DpOT0_[_ZN9__gnu_cxx13new_allocatorI5MotorE9constructIS1_JiEEEvPT_DpOT0_]+0x48): undefined reference to `Motor::Motor(int, bool)'
[0.384s] /usr/bin/ld: CMakeFiles/rover_control.dir/src/RoverControl.cpp.o: in function `void __gnu_cxx::new_allocator<MotorGroup>::construct<MotorGroup, std::vector<Motor*, std::allocator<Motor*> > >(MotorGroup*, std::vector<Motor*, std::allocator<Motor*> >&&)':
[0.384s] RoverControl.cpp:(.text._ZN9__gnu_cxx13new_allocatorI10MotorGroupE9constructIS1_JSt6vectorIP5MotorSaIS6_EEEEEvPT_DpOT0_[_ZN9__gnu_cxx13new_allocatorI10MotorGroupE9constructIS1_JSt6vectorIP5MotorSaIS6_EEEEEvPT_DpOT0_]+0x68): undefined reference to `MotorGroup::MotorGroup(std::vector<Motor*, std::allocator<Motor*> >, bool)'
[0.384s] /usr/bin/ld: CMakeFiles/rover_control.dir/src/RoverControl.cpp.o: in function `void __gnu_cxx::new_allocator<RoverMotors>::construct<RoverMotors, MotorGroup*, MotorGroup*, double>(RoverMotors*, MotorGroup*&&, MotorGroup*&&, double&&)':
[0.384s] RoverControl.cpp:(.text._ZN9__gnu_cxx13new_allocatorI11RoverMotorsE9constructIS1_JP10MotorGroupS5_dEEEvPT_DpOT0_[_ZN9__gnu_cxx13new_allocatorI11RoverMotorsE9constructIS1_JP10MotorGroupS5_dEEEvPT_DpOT0_]+0x78): undefined reference to `RoverMotors::RoverMotors(MotorGroup*, MotorGroup*, float, bool)'
[0.385s] /usr/bin/ld: CMakeFiles/rover_control.dir/src/RoverControl.cpp.o: in function `void __gnu_cxx::new_allocator<Motor>::destroy<Motor>(Motor*)':
[0.385s] RoverControl.cpp:(.text._ZN9__gnu_cxx13new_allocatorI5MotorE7destroyIS1_EEvPT_[_ZN9__gnu_cxx13new_allocatorI5MotorE7destroyIS1_EEvPT_]+0x14): undefined reference to `Motor::~Motor()'
[0.388s] collect2: error: ld returned 1 exit status
[0.388s] gmake[2]: *** [CMakeFiles/rover_control.dir/build.make:183: rover_control] Error 1
[0.389s] gmake[1]: *** [CMakeFiles/Makefile2:137: CMakeFiles/rover_control.dir/all] Error 2
[0.389s] gmake: *** [Makefile:146: all] Error 2
[0.390s] Invoked command in '/home/rishavn/p_drive_testing/build/p_drive_testing' returned '2': CMAKE_PREFIX_PATH=${CMAKE_PREFIX_PATH}:/opt/ros/humble /usr/bin/cmake --build /home/rishavn/p_drive_testing/build/p_drive_testing -- -j8 -l8
