[0.080s] Invoking command in '/home/rishavn/p_drive_testing/build/p_drive_testing': CMAKE_PREFIX_PATH=${CMAKE_PREFIX_PATH}:/opt/ros/humble /usr/bin/cmake --build /home/rishavn/p_drive_testing/build/p_drive_testing -- -j8 -l8
[0.651s] [35m[1mConsolidate compiler generated dependencies of target rover_control[0m
[0.743s] [ 33%] [32mBuilding CXX object CMakeFiles/rover_control.dir/src/RoverControl.cpp.o[0m
[0.801s] [ 66%] [32mBuilding CXX object CMakeFiles/rover_control.dir/src/RMD_Motor.cpp.o[0m
[2.055s] [01m[K/home/rishavn/p_drive_testing/src/src/RMD_Motor.cpp:13:7:[m[K [01;31m[Kerror: [m[Kredefinition of â€˜[01m[Kclass Motor[m[Kâ€™
[2.057s]    13 | class [01;31m[KMotor[m[K {
[2.057s]       |       [01;31m[K^~~~~[m[K
[2.057s] In file included from [01m[K/home/rishavn/p_drive_testing/src/src/RMD_Motor.cpp:1[m[K:
[2.057s] [01m[K/home/rishavn/p_drive_testing/src/include/RMD_Motor.h:14:7:[m[K [01;36m[Knote: [m[Kprevious definition of â€˜[01m[Kclass Motor[m[Kâ€™
[2.057s]    14 | class [01;36m[KMotor[m[K {
[2.057s]       |       [01;36m[K^~~~~[m[K
[2.057s] [01m[K/home/rishavn/p_drive_testing/src/src/RMD_Motor.cpp:104:7:[m[K [01;31m[Kerror: [m[Kredefinition of â€˜[01m[Kclass MotorGroup[m[Kâ€™
[2.058s]   104 | class [01;31m[KMotorGroup[m[K {
[2.058s]       |       [01;31m[K^~~~~~~~~~[m[K
[2.058s] In file included from [01m[K/home/rishavn/p_drive_testing/src/src/RMD_Motor.cpp:1[m[K:
[2.058s] [01m[K/home/rishavn/p_drive_testing/src/include/RMD_Motor.h:36:7:[m[K [01;36m[Knote: [m[Kprevious definition of â€˜[01m[Kclass MotorGroup[m[Kâ€™
[2.058s]    36 | class [01;36m[KMotorGroup[m[K {
[2.058s]       |       [01;36m[K^~~~~~~~~~[m[K
[2.058s] [01m[K/home/rishavn/p_drive_testing/src/src/RMD_Motor.cpp:150:7:[m[K [01;31m[Kerror: [m[Kredefinition of â€˜[01m[Kclass RoverMotors[m[Kâ€™
[2.058s]   150 | class [01;31m[KRoverMotors[m[K {
[2.059s]       |       [01;31m[K^~~~~~~~~~~[m[K
[2.059s] In file included from [01m[K/home/rishavn/p_drive_testing/src/src/RMD_Motor.cpp:1[m[K:
[2.059s] [01m[K/home/rishavn/p_drive_testing/src/include/RMD_Motor.h:51:7:[m[K [01;36m[Knote: [m[Kprevious definition of â€˜[01m[Kclass RoverMotors[m[Kâ€™
[2.059s]    51 | class [01;36m[KRoverMotors[m[K {
[2.059s]       |       [01;36m[K^~~~~~~~~~~[m[K
[2.188s] gmake[2]: *** [CMakeFiles/rover_control.dir/build.make:90: CMakeFiles/rover_control.dir/src/RMD_Motor.cpp.o] Error 1
[2.188s] gmake[2]: *** Waiting for unfinished jobs....
[13.507s] gmake[1]: *** [CMakeFiles/Makefile2:137: CMakeFiles/rover_control.dir/all] Error 2
[13.507s] gmake: *** [Makefile:146: all] Error 2
[13.525s] Invoked command in '/home/rishavn/p_drive_testing/build/p_drive_testing' returned '2': CMAKE_PREFIX_PATH=${CMAKE_PREFIX_PATH}:/opt/ros/humble /usr/bin/cmake --build /home/rishavn/p_drive_testing/build/p_drive_testing -- -j8 -l8
