[35m[1mConsolidate compiler generated dependencies of target rover_control[0m
[ 33%] [32mBuilding CXX object CMakeFiles/rover_control.dir/src/RoverControl.cpp.o[0m
[ 66%] [32mBuilding CXX object CMakeFiles/rover_control.dir/src/RMD_Motor.cpp.o[0m
[01m[K/home/rishavn/p_drive_testing/src/src/RoverControl.cpp:4:10:[m[K [01;31m[Kfatal error: [m[KRMD_motor.h: No such file or directory
    4 | #include [01;31m[K"RMD_motor.h"[m[K
      |          [01;31m[K^~~~~~~~~~~~~[m[K
compilation terminated.
gmake[2]: *** [CMakeFiles/rover_control.dir/build.make:76: CMakeFiles/rover_control.dir/src/RoverControl.cpp.o] Error 1
gmake[2]: *** Waiting for unfinished jobs....
[01m[K/home/rishavn/p_drive_testing/src/src/RMD_Motor.cpp:13:7:[m[K [01;31m[Kerror: [m[Kredefinition of â€˜[01m[Kclass Motor[m[Kâ€™
   13 | class [01;31m[KMotor[m[K {
      |       [01;31m[K^~~~~[m[K
In file included from [01m[K/home/rishavn/p_drive_testing/src/src/RMD_Motor.cpp:1[m[K:
[01m[K/home/rishavn/p_drive_testing/src/include/RMD_Motor.h:14:7:[m[K [01;36m[Knote: [m[Kprevious definition of â€˜[01m[Kclass Motor[m[Kâ€™
   14 | class [01;36m[KMotor[m[K {
      |       [01;36m[K^~~~~[m[K
[01m[K/home/rishavn/p_drive_testing/src/src/RMD_Motor.cpp:104:7:[m[K [01;31m[Kerror: [m[Kredefinition of â€˜[01m[Kclass MotorGroup[m[Kâ€™
  104 | class [01;31m[KMotorGroup[m[K {
      |       [01;31m[K^~~~~~~~~~[m[K
In file included from [01m[K/home/rishavn/p_drive_testing/src/src/RMD_Motor.cpp:1[m[K:
[01m[K/home/rishavn/p_drive_testing/src/include/RMD_Motor.h:36:7:[m[K [01;36m[Knote: [m[Kprevious definition of â€˜[01m[Kclass MotorGroup[m[Kâ€™
   36 | class [01;36m[KMotorGroup[m[K {
      |       [01;36m[K^~~~~~~~~~[m[K
[01m[K/home/rishavn/p_drive_testing/src/src/RMD_Motor.cpp:150:7:[m[K [01;31m[Kerror: [m[Kredefinition of â€˜[01m[Kclass RoverMotors[m[Kâ€™
  150 | class [01;31m[KRoverMotors[m[K {
      |       [01;31m[K^~~~~~~~~~~[m[K
In file included from [01m[K/home/rishavn/p_drive_testing/src/src/RMD_Motor.cpp:1[m[K:
[01m[K/home/rishavn/p_drive_testing/src/include/RMD_Motor.h:51:7:[m[K [01;36m[Knote: [m[Kprevious definition of â€˜[01m[Kclass RoverMotors[m[Kâ€™
   51 | class [01;36m[KRoverMotors[m[K {
      |       [01;36m[K^~~~~~~~~~~[m[K
gmake[2]: *** [CMakeFiles/rover_control.dir/build.make:90: CMakeFiles/rover_control.dir/src/RMD_Motor.cpp.o] Error 1
gmake[1]: *** [CMakeFiles/Makefile2:137: CMakeFiles/rover_control.dir/all] Error 2
gmake: *** [Makefile:146: all] Error 2
